Reusing configuration cache.
> Task :app:preBuild UP-TO-DATE
<<<<<<< HEAD
> Task :app:checkKotlinGradlePluginConfigurationErrors
> Task :app:preDebugBuild UP-TO-DATE
> Task :app:generateSafeArgsDebug UP-TO-DATE
> Task :app:javaPreCompileDebug UP-TO-DATE
> Task :app:mergeDebugNativeDebugMetadata NO-SOURCE
> Task :app:generateDebugBuildConfig UP-TO-DATE
> Task :app:mergeDebugShaders UP-TO-DATE
> Task :app:createDebugCompatibleScreenManifests UP-TO-DATE
> Task :app:generateDebugResValues UP-TO-DATE
> Task :app:compileDebugShaders NO-SOURCE
> Task :app:validateSigningDebug UP-TO-DATE
> Task :app:writeDebugAppMetadata UP-TO-DATE
> Task :app:generateDebugAssets UP-TO-DATE
> Task :app:generateDebugResources UP-TO-DATE
> Task :app:mergeDebugJniLibFolders UP-TO-DATE
> Task :app:extractDeepLinksDebug UP-TO-DATE
> Task :app:l8DexDesugarLibDebug UP-TO-DATE
> Task :app:writeDebugSigningConfigVersions UP-TO-DATE
> Task :app:extractDebugSupportedLocales UP-TO-DATE
> Task :app:mergeDebugAssets UP-TO-DATE
> Task :app:desugarDebugFileDependencies UP-TO-DATE
> Task :app:mapDebugSourceSetPaths UP-TO-DATE
> Task :app:compressDebugAssets UP-TO-DATE
> Task :app:checkDebugAarMetadata UP-TO-DATE
> Task :app:dataBindingMergeDependencyArtifactsDebug UP-TO-DATE
> Task :app:mergeDebugNativeLibs NO-SOURCE
> Task :app:checkDebugDuplicateClasses UP-TO-DATE
> Task :app:stripDebugDebugSymbols NO-SOURCE
> Task :app:mergeLibDexDebug UP-TO-DATE
> Task :app:processDebugMainManifest UP-TO-DATE
> Task :app:processDebugManifest UP-TO-DATE
> Task :app:processDebugManifestForPackage UP-TO-DATE
> Task :app:mergeExtDexDebug UP-TO-DATE
> Task :app:generateDebugLocaleConfig UP-TO-DATE
> Task :app:packageDebugResources UP-TO-DATE
> Task :app:mergeDebugResources UP-TO-DATE
> Task :app:parseDebugLocalResources UP-TO-DATE
> Task :app:dataBindingGenBaseClassesDebug UP-TO-DATE
> Task :app:processDebugResources UP-TO-DATE

> Task :app:kspDebugKotlin FAILED
e: [ksp] java.lang.NullPointerException
	at com.google.devtools.ksp.symbol.impl.kotlin.KSDeclarationImpl$simpleName$2.invoke(KSDeclarationImpl.kt:35)
	at com.google.devtools.ksp.symbol.impl.kotlin.KSDeclarationImpl$simpleName$2.invoke(KSDeclarationImpl.kt:34)
	at kotlin.SynchronizedLazyImpl.getValue(LazyJVM.kt:74)
	at com.google.devtools.ksp.symbol.impl.kotlin.KSDeclarationImpl.getSimpleName(KSDeclarationImpl.kt:34)
	at com.google.devtools.ksp.common.symbolCollector.visitDeclaration(IncrementalContextBase.kt:41)
	at com.google.devtools.ksp.common.symbolCollector.visitDeclaration(IncrementalContextBase.kt:34)
	at com.google.devtools.ksp.visitor.KSDefaultVisitor.visitClassDeclaration(KSDefaultVisitor.kt:79)
	at com.google.devtools.ksp.symbol.impl.kotlin.KSClassDeclarationImpl.accept(KSClassDeclarationImpl.kt:135)
	at com.google.devtools.ksp.common.symbolCollector.visitDeclarationContainer(IncrementalContextBase.kt:57)
	at com.google.devtools.ksp.common.symbolCollector.visitDeclarationContainer(IncrementalContextBase.kt:34)
	at com.google.devtools.ksp.visitor.KSDefaultVisitor.visitFile(KSDefaultVisitor.kt:32)
	at com.google.devtools.ksp.symbol.impl.kotlin.KSFileImpl.accept(KSFileImpl.kt:62)
	at com.google.devtools.ksp.common.IncrementalContextBase.collectDefinedSymbols(IncrementalContextBase.kt:111)
	at com.google.devtools.ksp.common.IncrementalContextBase.calcDirtyFiles(IncrementalContextBase.kt:218)
	at com.google.devtools.ksp.AbstractKotlinSymbolProcessingExtension$doAnalysis$2.invoke(KotlinSymbolProcessingExtension.kt:196)
	at com.google.devtools.ksp.AbstractKotlinSymbolProcessingExtension$doAnalysis$2.invoke(KotlinSymbolProcessingExtension.kt:189)
	at com.google.devtools.ksp.AbstractKotlinSymbolProcessingExtension.handleException(KotlinSymbolProcessingExtension.kt:414)
	at com.google.devtools.ksp.AbstractKotlinSymbolProcessingExtension.doAnalysis(KotlinSymbolProcessingExtension.kt:189)
	at org.jetbrains.kotlin.cli.jvm.compiler.TopDownAnalyzerFacadeForJVM.analyzeFilesWithJavaIntegration(TopDownAnalyzerFacadeForJVM.kt:112)
	at org.jetbrains.kotlin.cli.jvm.compiler.TopDownAnalyzerFacadeForJVM.analyzeFilesWithJavaIntegration$default(TopDownAnalyzerFacadeForJVM.kt:77)
	at org.jetbrains.kotlin.cli.jvm.compiler.KotlinToJVMBytecodeCompiler$analyze$1.invoke(KotlinToJVMBytecodeCompiler.kt:256)
	at org.jetbrains.kotlin.cli.jvm.compiler.KotlinToJVMBytecodeCompiler$analyze$1.invoke(KotlinToJVMBytecodeCompiler.kt:247)
	at org.jetbrains.kotlin.cli.common.messages.AnalyzerWithCompilerReport.analyzeAndReport(AnalyzerWithCompilerReport.kt:115)
	at org.jetbrains.kotlin.cli.jvm.compiler.KotlinToJVMBytecodeCompiler.analyze(KotlinToJVMBytecodeCompiler.kt:247)
	at org.jetbrains.kotlin.cli.jvm.compiler.KotlinToJVMBytecodeCompiler.compileModules$cli(KotlinToJVMBytecodeCompiler.kt:87)
	at org.jetbrains.kotlin.cli.jvm.compiler.KotlinToJVMBytecodeCompiler.compileModules$cli$default(KotlinToJVMBytecodeCompiler.kt:43)
	at org.jetbrains.kotlin.cli.jvm.K2JVMCompiler.doExecute(K2JVMCompiler.kt:165)
	at org.jetbrains.kotlin.cli.jvm.K2JVMCompiler.doExecute(K2JVMCompiler.kt:50)
	at org.jetbrains.kotlin.cli.common.CLICompiler.execImpl(CLICompiler.kt:104)
	at org.jetbrains.kotlin.cli.common.CLICompiler.execImpl(CLICompiler.kt:48)
	at org.jetbrains.kotlin.cli.common.CLITool.exec(CLITool.kt:101)
	at org.jetbrains.kotlin.daemon.CompileServiceImpl.compile(CompileServiceImpl.kt:1523)
	at jdk.internal.reflect.GeneratedMethodAccessor92.invoke(Unknown Source)
	at java.base/jdk.internal.reflect.DelegatingMethodAccessorImpl.invoke(DelegatingMethodAccessorImpl.java:43)
	at java.base/java.lang.reflect.Method.invoke(Method.java:568)
	at java.rmi/sun.rmi.server.UnicastServerRef.dispatch(UnicastServerRef.java:360)
	at java.rmi/sun.rmi.transport.Transport$1.run(Transport.java:200)
	at java.rmi/sun.rmi.transport.Transport$1.run(Transport.java:197)
	at java.base/java.security.AccessController.doPrivileged(AccessController.java:712)
	at java.rmi/sun.rmi.transport.Transport.serviceCall(Transport.java:196)
	at java.rmi/sun.rmi.transport.tcp.TCPTransport.handleMessages(TCPTransport.java:587)
	at java.rmi/sun.rmi.transport.tcp.TCPTransport$ConnectionHandler.run0(TCPTransport.java:828)
	at java.rmi/sun.rmi.transport.tcp.TCPTransport$ConnectionHandler.lambda$run$0(TCPTransport.java:705)
	at java.base/java.security.AccessController.doPrivileged(AccessController.java:399)
	at java.rmi/sun.rmi.transport.tcp.TCPTransport$ConnectionHandler.run(TCPTransport.java:704)
	at java.base/java.util.concurrent.ThreadPoolExecutor.runWorker(ThreadPoolExecutor.java:1136)
	at java.base/java.util.concurrent.ThreadPoolExecutor$Worker.run(ThreadPoolExecutor.java:635)
	at java.base/java.lang.Thread.run(Thread.java:842)

e: Error occurred in KSP, check log for detail
e: file:///C:/Users/Iker/Documents/GitHub/Libretube/Ptube/app/src/main/java/com/github/ptube/ui/adapters/VideoCardsAdapter.kt:155:21 Name expected
e: file:///C:/Users/Iker/Documents/GitHub/Libretube/Ptube/app/src/main/java/com/github/ptube/ui/adapters/VideoCardsAdapter.kt:161:1 Expecting a top level declaration
=======
> Task :app:preReleaseBuild UP-TO-DATE
> Task :app:checkKotlinGradlePluginConfigurationErrors
> Task :app:generateSafeArgsRelease UP-TO-DATE
> Task :app:generateReleaseBuildConfig UP-TO-DATE
> Task :app:generateReleaseResValues UP-TO-DATE
> Task :app:createReleaseCompatibleScreenManifests UP-TO-DATE
> Task :app:extractReleaseSupportedLocales UP-TO-DATE
> Task :app:generateReleaseResources UP-TO-DATE
> Task :app:extractDeepLinksRelease UP-TO-DATE
> Task :app:dataBindingMergeDependencyArtifactsRelease UP-TO-DATE
> Task :app:checkReleaseAarMetadata UP-TO-DATE
> Task :app:mapReleaseSourceSetPaths UP-TO-DATE
> Task :app:processReleaseMainManifest UP-TO-DATE
> Task :app:processReleaseManifest UP-TO-DATE
> Task :app:processReleaseManifestForPackage UP-TO-DATE
> Task :app:generateReleaseLocaleConfig UP-TO-DATE
> Task :app:mergeReleaseResources UP-TO-DATE
> Task :app:packageReleaseResources UP-TO-DATE
> Task :app:parseReleaseLocalResources UP-TO-DATE
> Task :app:dataBindingGenBaseClassesRelease UP-TO-DATE
> Task :app:processReleaseResources UP-TO-DATE
> Task :app:kspReleaseKotlin UP-TO-DATE

> Task :app:compileReleaseKotlin FAILED
e: file:///C:/Users/Iker/Documents/GitHub/Libretube/Ptube/app/src/main/java/com/github/ptube/ui/fragments/PlayerFragment.kt:138:33 Unresolved reference: ExoPlayer
e: file:///C:/Users/Iker/Documents/GitHub/Libretube/Ptube/app/src/main/java/com/github/ptube/ui/fragments/PlayerFragment.kt:139:36 Unresolved reference: Job
e: file:///C:/Users/Iker/Documents/GitHub/Libretube/Ptube/app/src/main/java/com/github/ptube/ui/fragments/PlayerFragment.kt:1048:30 Variable expected
e: file:///C:/Users/Iker/Documents/GitHub/Libretube/Ptube/app/src/main/java/com/github/ptube/ui/fragments/PlayerFragment.kt:1068:29 Variable expected
e: file:///C:/Users/Iker/Documents/GitHub/Libretube/Ptube/app/src/main/java/com/github/ptube/ui/fragments/PlayerFragment.kt:1161:26 Unresolved reference: ExoPlayer
e: file:///C:/Users/Iker/Documents/GitHub/Libretube/Ptube/app/src/main/java/com/github/ptube/ui/fragments/PlayerFragment.kt:1163:25 Variable expected
e: file:///C:/Users/Iker/Documents/GitHub/Libretube/Ptube/app/src/main/java/com/github/ptube/ui/fragments/PlayerFragment.kt:1164:25 Variable expected
e: file:///C:/Users/Iker/Documents/GitHub/Libretube/Ptube/app/src/main/java/com/github/ptube/ui/fragments/PlayerFragment.kt:1169:38 Unresolved reference: MediaServiceRepository
>>>>>>> 34902e568c642819929aff4c4f08d9da81d7add5

FAILURE: Build failed with an exception.

* What went wrong:
<<<<<<< HEAD
Execution failed for task ':app:kspDebugKotlin'.
=======
Execution failed for task ':app:compileReleaseKotlin'.
>>>>>>> 34902e568c642819929aff4c4f08d9da81d7add5
> A failure occurred while executing org.jetbrains.kotlin.compilerRunner.GradleCompilerRunnerWithWorkers$GradleKotlinCompilerWorkAction
   > Compilation error. See log for more details

* Try:
> Run with --stacktrace option to get the stack trace.
> Run with --info or --debug option to get more log output.
> Run with --scan to generate a Build Scan (powered by Develocity).
> Get more help at https://help.gradle.org.

<<<<<<< HEAD
BUILD FAILED in 3s
34 actionable tasks: 2 executed, 32 up-to-date
=======
BUILD FAILED in 16s
22 actionable tasks: 2 executed, 20 up-to-date
>>>>>>> 34902e568c642819929aff4c4f08d9da81d7add5
Configuration cache entry reused.
