Reusing configuration cache.
> Task :app:preBuild UP-TO-DATE
> Task :app:preDebugBuild UP-TO-DATE
> Task :app:checkKotlinGradlePluginConfigurationErrors
> Task :app:generateSafeArgsDebug UP-TO-DATE
> Task :app:generateDebugBuildConfig UP-TO-DATE
> Task :app:generateDebugResValues UP-TO-DATE
> Task :app:createDebugCompatibleScreenManifests UP-TO-DATE
> Task :app:javaPreCompileDebug UP-TO-DATE
> Task :app:mergeDebugShaders UP-TO-DATE
> Task :app:mergeDebugJniLibFolders UP-TO-DATE
> Task :app:generateDebugResources UP-TO-DATE
> Task :app:mergeDebugNativeDebugMetadata NO-SOURCE
> Task :app:desugarDebugFileDependencies UP-TO-DATE
> Task :app:extractDebugSupportedLocales UP-TO-DATE
> Task :app:l8DexDesugarLibDebug UP-TO-DATE
> Task :app:writeDebugSigningConfigVersions UP-TO-DATE
> Task :app:extractDeepLinksDebug UP-TO-DATE
> Task :app:validateSigningDebug UP-TO-DATE
> Task :app:writeDebugAppMetadata UP-TO-DATE
> Task :app:compileDebugShaders NO-SOURCE
> Task :app:generateDebugAssets UP-TO-DATE
> Task :app:checkDebugAarMetadata UP-TO-DATE
> Task :app:dataBindingMergeDependencyArtifactsDebug UP-TO-DATE
> Task :app:checkDebugDuplicateClasses UP-TO-DATE
> Task :app:mapDebugSourceSetPaths UP-TO-DATE
> Task :app:mergeDebugNativeLibs NO-SOURCE
> Task :app:mergeDebugAssets UP-TO-DATE
> Task :app:mergeLibDexDebug UP-TO-DATE
> Task :app:stripDebugDebugSymbols NO-SOURCE
> Task :app:compressDebugAssets UP-TO-DATE
> Task :app:processDebugMainManifest UP-TO-DATE
> Task :app:processDebugManifest UP-TO-DATE
> Task :app:processDebugManifestForPackage UP-TO-DATE
> Task :app:mergeExtDexDebug UP-TO-DATE
> Task :app:generateDebugLocaleConfig UP-TO-DATE
> Task :app:packageDebugResources UP-TO-DATE
> Task :app:parseDebugLocalResources UP-TO-DATE
> Task :app:mergeDebugResources UP-TO-DATE
> Task :app:processDebugResources UP-TO-DATE
> Task :app:dataBindingGenBaseClassesDebug UP-TO-DATE

> Task :app:kspDebugKotlin FAILED
e: [ksp] C:/Users/Iker/Documents/GitHub/Libretube/Ptube/app/src/main/java/com/github/ptube/ui/activities/MainActivity.kt: (217, 50): Function declaration must have a name
e: Error occurred in KSP, check log for detail
e: file:///C:/Users/Iker/Documents/GitHub/Libretube/Ptube/app/src/main/java/com/github/ptube/ui/activities/MainActivity.kt:217:9 Expecting member declaration
e: file:///C:/Users/Iker/Documents/GitHub/Libretube/Ptube/app/src/main/java/com/github/ptube/ui/activities/MainActivity.kt:217:12 Expecting member declaration
e: file:///C:/Users/Iker/Documents/GitHub/Libretube/Ptube/app/src/main/java/com/github/ptube/ui/activities/MainActivity.kt:217:13 Expecting member declaration
e: file:///C:/Users/Iker/Documents/GitHub/Libretube/Ptube/app/src/main/java/com/github/ptube/ui/activities/MainActivity.kt:217:20 Expecting member declaration
e: file:///C:/Users/Iker/Documents/GitHub/Libretube/Ptube/app/src/main/java/com/github/ptube/ui/activities/MainActivity.kt:217:21 Expecting member declaration
e: file:///C:/Users/Iker/Documents/GitHub/Libretube/Ptube/app/src/main/java/com/github/ptube/ui/activities/MainActivity.kt:217:30 Expecting member declaration
e: file:///C:/Users/Iker/Documents/GitHub/Libretube/Ptube/app/src/main/java/com/github/ptube/ui/activities/MainActivity.kt:217:31 Expecting member declaration
e: file:///C:/Users/Iker/Documents/GitHub/Libretube/Ptube/app/src/main/java/com/github/ptube/ui/activities/MainActivity.kt:217:35 Expecting member declaration
e: file:///C:/Users/Iker/Documents/GitHub/Libretube/Ptube/app/src/main/java/com/github/ptube/ui/activities/MainActivity.kt:217:36 Expecting member declaration
e: file:///C:/Users/Iker/Documents/GitHub/Libretube/Ptube/app/src/main/java/com/github/ptube/ui/activities/MainActivity.kt:217:44 Expecting member declaration
e: file:///C:/Users/Iker/Documents/GitHub/Libretube/Ptube/app/src/main/java/com/github/ptube/ui/activities/MainActivity.kt:217:45 Expecting member declaration
e: file:///C:/Users/Iker/Documents/GitHub/Libretube/Ptube/app/src/main/java/com/github/ptube/ui/activities/MainActivity.kt:217:50 Expecting member declaration
e: file:///C:/Users/Iker/Documents/GitHub/Libretube/Ptube/app/src/main/java/com/github/ptube/ui/activities/MainActivity.kt:217:82 Expecting member declaration
e: file:///C:/Users/Iker/Documents/GitHub/Libretube/Ptube/app/src/main/java/com/github/ptube/ui/activities/MainActivity.kt:217:84 Expecting member declaration
e: file:///C:/Users/Iker/Documents/GitHub/Libretube/Ptube/app/src/main/java/com/github/ptube/ui/activities/MainActivity.kt:217:106 Expecting member declaration
e: file:///C:/Users/Iker/Documents/GitHub/Libretube/Ptube/app/src/main/java/com/github/ptube/ui/activities/MainActivity.kt:217:107 Expecting member declaration
e: file:///C:/Users/Iker/Documents/GitHub/Libretube/Ptube/app/src/main/java/com/github/ptube/ui/activities/MainActivity.kt:219:9 Expecting member declaration
e: file:///C:/Users/Iker/Documents/GitHub/Libretube/Ptube/app/src/main/java/com/github/ptube/ui/activities/MainActivity.kt:219:16 Expecting member declaration
e: file:///C:/Users/Iker/Documents/GitHub/Libretube/Ptube/app/src/main/java/com/github/ptube/ui/activities/MainActivity.kt:219:17 Expecting member declaration
e: file:///C:/Users/Iker/Documents/GitHub/Libretube/Ptube/app/src/main/java/com/github/ptube/ui/activities/MainActivity.kt:219:29 Expecting member declaration
e: file:///C:/Users/Iker/Documents/GitHub/Libretube/Ptube/app/src/main/java/com/github/ptube/ui/activities/MainActivity.kt:219:30 Expecting member declaration
e: file:///C:/Users/Iker/Documents/GitHub/Libretube/Ptube/app/src/main/java/com/github/ptube/ui/activities/MainActivity.kt:219:35 Expecting member declaration
e: file:///C:/Users/Iker/Documents/GitHub/Libretube/Ptube/app/src/main/java/com/github/ptube/ui/activities/MainActivity.kt:219:37 Expecting member declaration
e: file:///C:/Users/Iker/Documents/GitHub/Libretube/Ptube/app/src/main/java/com/github/ptube/ui/activities/MainActivity.kt:219:48 Expecting member declaration
e: file:///C:/Users/Iker/Documents/GitHub/Libretube/Ptube/app/src/main/java/com/github/ptube/ui/activities/MainActivity.kt:219:49 Expecting member declaration
e: file:///C:/Users/Iker/Documents/GitHub/Libretube/Ptube/app/src/main/java/com/github/ptube/ui/activities/MainActivity.kt:219:65 Expecting member declaration
e: file:///C:/Users/Iker/Documents/GitHub/Libretube/Ptube/app/src/main/java/com/github/ptube/ui/activities/MainActivity.kt:219:66 Expecting member declaration
e: file:///C:/Users/Iker/Documents/GitHub/Libretube/Ptube/app/src/main/java/com/github/ptube/ui/activities/MainActivity.kt:219:70 Expecting member declaration
e: file:///C:/Users/Iker/Documents/GitHub/Libretube/Ptube/app/src/main/java/com/github/ptube/ui/activities/MainActivity.kt:222:9 Expecting member declaration
e: file:///C:/Users/Iker/Documents/GitHub/Libretube/Ptube/app/src/main/java/com/github/ptube/ui/activities/MainActivity.kt:222:25 Expecting member declaration
e: file:///C:/Users/Iker/Documents/GitHub/Libretube/Ptube/app/src/main/java/com/github/ptube/ui/activities/MainActivity.kt:222:26 Expecting member declaration
e: file:///C:/Users/Iker/Documents/GitHub/Libretube/Ptube/app/src/main/java/com/github/ptube/ui/activities/MainActivity.kt:222:37 Expecting member declaration
e: file:///C:/Users/Iker/Documents/GitHub/Libretube/Ptube/app/src/main/java/com/github/ptube/ui/activities/MainActivity.kt:222:38 Expecting member declaration
e: file:///C:/Users/Iker/Documents/GitHub/Libretube/Ptube/app/src/main/java/com/github/ptube/ui/activities/MainActivity.kt:222:39 Expecting member declaration
e: file:///C:/Users/Iker/Documents/GitHub/Libretube/Ptube/app/src/main/java/com/github/ptube/ui/activities/MainActivity.kt:222:40 Expecting member declaration
e: file:///C:/Users/Iker/Documents/GitHub/Libretube/Ptube/app/src/main/java/com/github/ptube/ui/activities/MainActivity.kt:222:48 Expecting member declaration
e: file:///C:/Users/Iker/Documents/GitHub/Libretube/Ptube/app/src/main/java/com/github/ptube/ui/activities/MainActivity.kt:222:56 Expecting member declaration
e: file:///C:/Users/Iker/Documents/GitHub/Libretube/Ptube/app/src/main/java/com/github/ptube/ui/activities/MainActivity.kt:222:58 Expecting member declaration
e: file:///C:/Users/Iker/Documents/GitHub/Libretube/Ptube/app/src/main/java/com/github/ptube/ui/activities/MainActivity.kt:222:62 Expecting member declaration
e: file:///C:/Users/Iker/Documents/GitHub/Libretube/Ptube/app/src/main/java/com/github/ptube/ui/activities/MainActivity.kt:227:9 Expecting member declaration
e: file:///C:/Users/Iker/Documents/GitHub/Libretube/Ptube/app/src/main/java/com/github/ptube/ui/activities/MainActivity.kt:227:32 Expecting member declaration
e: file:///C:/Users/Iker/Documents/GitHub/Libretube/Ptube/app/src/main/java/com/github/ptube/ui/activities/MainActivity.kt:227:33 Expecting member declaration
e: file:///C:/Users/Iker/Documents/GitHub/Libretube/Ptube/app/src/main/java/com/github/ptube/ui/activities/MainActivity.kt:229:9 Expecting member declaration
e: file:///C:/Users/Iker/Documents/GitHub/Libretube/Ptube/app/src/main/java/com/github/ptube/ui/activities/MainActivity.kt:229:23 Expecting member declaration
e: file:///C:/Users/Iker/Documents/GitHub/Libretube/Ptube/app/src/main/java/com/github/ptube/ui/activities/MainActivity.kt:229:24 Expecting member declaration
e: file:///C:/Users/Iker/Documents/GitHub/Libretube/Ptube/app/src/main/java/com/github/ptube/ui/activities/MainActivity.kt:231:9 Expecting member declaration
e: file:///C:/Users/Iker/Documents/GitHub/Libretube/Ptube/app/src/main/java/com/github/ptube/ui/activities/MainActivity.kt:231:35 Expecting member declaration
e: file:///C:/Users/Iker/Documents/GitHub/Libretube/Ptube/app/src/main/java/com/github/ptube/ui/activities/MainActivity.kt:231:36 Expecting member declaration
e: file:///C:/Users/Iker/Documents/GitHub/Libretube/Ptube/app/src/main/java/com/github/ptube/ui/activities/MainActivity.kt:672:1 Expecting a top level declaration

FAILURE: Build failed with an exception.

* What went wrong:
Execution failed for task ':app:kspDebugKotlin'.
> A failure occurred while executing org.jetbrains.kotlin.compilerRunner.GradleCompilerRunnerWithWorkers$GradleKotlinCompilerWorkAction
   > Compilation error. See log for more details

* Try:
> Run with --stacktrace option to get the stack trace.
> Run with --info or --debug option to get more log output.
> Run with --scan to generate a Build Scan (powered by Develocity).
> Get more help at https://help.gradle.org.

BUILD FAILED in 3s
34 actionable tasks: 2 executed, 32 up-to-date
Configuration cache entry reused.
