Reusing configuration cache.
> Task :app:preBuild UP-TO-DATE
> Task :app:preDebugBuild UP-TO-DATE
> Task :app:checkKotlinGradlePluginConfigurationErrors
> Task :app:generateSafeArgsDebug UP-TO-DATE
> Task :app:mergeDebugNativeDebugMetadata NO-SOURCE
> Task :app:generateDebugResValues UP-TO-DATE
> Task :app:mergeDebugShaders UP-TO-DATE
> Task :app:createDebugCompatibleScreenManifests UP-TO-DATE
> Task :app:mergeDebugJniLibFolders UP-TO-DATE
> Task :app:generateDebugBuildConfig UP-TO-DATE
> Task :app:extractDebugSupportedLocales UP-TO-DATE
> Task :app:javaPreCompileDebug UP-TO-DATE
> Task :app:extractDeepLinksDebug UP-TO-DATE
> Task :app:generateDebugResources UP-TO-DATE
> Task :app:compileDebugShaders NO-SOURCE
> Task :app:validateSigningDebug UP-TO-DATE
> Task :app:generateDebugAssets UP-TO-DATE
> Task :app:writeDebugAppMetadata UP-TO-DATE
> Task :app:writeDebugSigningConfigVersions UP-TO-DATE
> Task :app:desugarDebugFileDependencies UP-TO-DATE
> Task :app:checkDebugAarMetadata UP-TO-DATE
> Task :app:mergeDebugNativeLibs NO-SOURCE
> Task :app:mergeDebugAssets UP-TO-DATE
> Task :app:mapDebugSourceSetPaths UP-TO-DATE
> Task :app:l8DexDesugarLibDebug UP-TO-DATE
> Task :app:dataBindingMergeDependencyArtifactsDebug UP-TO-DATE
> Task :app:stripDebugDebugSymbols NO-SOURCE
> Task :app:compressDebugAssets UP-TO-DATE
> Task :app:checkDebugDuplicateClasses UP-TO-DATE
> Task :app:processDebugMainManifest UP-TO-DATE
> Task :app:mergeLibDexDebug UP-TO-DATE
> Task :app:processDebugManifest UP-TO-DATE
> Task :app:processDebugManifestForPackage UP-TO-DATE
> Task :app:mergeExtDexDebug UP-TO-DATE
> Task :app:generateDebugLocaleConfig UP-TO-DATE
> Task :app:packageDebugResources UP-TO-DATE
> Task :app:mergeDebugResources UP-TO-DATE
> Task :app:parseDebugLocalResources UP-TO-DATE
> Task :app:processDebugResources UP-TO-DATE
> Task :app:dataBindingGenBaseClassesDebug UP-TO-DATE

> Task :app:kspDebugKotlin FAILED
e: file:///C:/Users/Iker/Documents/GitHub/Libretube/Ptube/app/src/main/java/com/github/ptube/ui/fragments/ShortsFragment.kt:125:27 Expecting ')'
e: file:///C:/Users/Iker/Documents/GitHub/Libretube/Ptube/app/src/main/java/com/github/ptube/ui/fragments/ShortsFragment.kt:125:27 Unexpected tokens (use ';' to separate expressions on the same line)
e: file:///C:/Users/Iker/Documents/GitHub/Libretube/Ptube/app/src/main/java/com/github/ptube/ui/fragments/ShortsFragment.kt:128:14 Expecting 'catch' or 'finally'
e: file:///C:/Users/Iker/Documents/GitHub/Libretube/Ptube/app/src/main/java/com/github/ptube/ui/fragments/ShortsFragment.kt:194:2 Missing '}

FAILURE: Build failed with an exception.

* What went wrong:
Execution failed for task ':app:kspDebugKotlin'.
> A failure occurred while executing org.jetbrains.kotlin.compilerRunner.GradleCompilerRunnerWithWorkers$GradleKotlinCompilerWorkAction
   > Compilation error. See log for more details

* Try:
> Run with --stacktrace option to get the stack trace.
> Run with --info or --debug option to get more log output.
> Run with --scan to generate a Build Scan (powered by Develocity).
> Get more help at https://help.gradle.org.

BUILD FAILED in 4s
34 actionable tasks: 2 executed, 32 up-to-date
Configuration cache entry reused.
